<?xml version="1.0" encoding="utf-8"?><testsuites name="pytest tests"><testsuite name="pytest" errors="0" failures="0" skipped="0" tests="12" time="2.921" timestamp="2026-02-10T19:10:59.831170+00:00" hostname="agent-env-20982383-0c7a-4ce5-a48b-1d2d2375ecc2"><testcase classname="backend.tests.test_i18n_backend.TestHealthAndCategories" name="test_categories_endpoint" time="0.062" /><testcase classname="backend.tests.test_i18n_backend.TestHealthAndCategories" name="test_ads_endpoint_public" time="0.188" /><testcase classname="backend.tests.test_i18n_backend.TestUserAuth" name="test_user_registration" time="0.296" /><testcase classname="backend.tests.test_i18n_backend.TestUserAuth" name="test_user_login" time="0.788" /><testcase classname="backend.tests.test_i18n_backend.TestUserAuth" name="test_login_invalid_credentials" time="0.061" /><testcase classname="backend.tests.test_i18n_backend.TestUserAuth" name="test_duplicate_registration" time="0.383" /><testcase classname="backend.tests.test_i18n_backend.TestAuthenticatedEndpoints" name="test_get_current_user" time="0.334" /><testcase classname="backend.tests.test_i18n_backend.TestAuthenticatedEndpoints" name="test_get_my_ads_empty" time="0.315" /><testcase classname="backend.tests.test_i18n_backend.TestAuthenticatedEndpoints" name="test_unauthenticated_access_rejected" time="0.085" /><testcase classname="backend.tests.test_i18n_backend.TestAdsFiltering" name="test_filter_by_category" time="0.173" /><testcase classname="backend.tests.test_i18n_backend.TestAdsFiltering" name="test_filter_by_search" time="0.047" /><testcase classname="backend.tests.test_i18n_backend.TestAdsFiltering" name="test_combined_filters" time="0.050" /></testsuite></testsuites>